2026-07-04 19:29:03 | INFO | ML | === RUN START ===
2026-07-04 19:29:03 | INFO | ML | project=ML
2026-07-04 19:29:03 | INFO | ML | repo_dir=ml-02-features
2026-07-04 19:29:03 | INFO | ML | python=3.14.2
2026-07-04 19:29:03 | INFO | ML | os=Windows 11
2026-07-04 19:29:03 | INFO | ML | shell=powershell
2026-07-04 19:29:03 | INFO | ML | cwd=.
2026-07-04 19:29:03 | INFO | ML | github_actions=False
2026-07-04 19:29:03 | INFO | ML | === RUN START ===
2026-07-04 19:29:03 | INFO | ML | project=ML
2026-07-04 19:29:03 | INFO | ML | repo_dir=ml-02-features
2026-07-04 19:29:03 | INFO | ML | python=3.14.2
2026-07-04 19:29:03 | INFO | ML | os=Windows 11
2026-07-04 19:29:03 | INFO | ML | shell=powershell
2026-07-04 19:29:03 | INFO | ML | cwd=.
2026-07-04 19:29:03 | INFO | ML | github_actions=False
2026-07-04 19:29:03 | INFO | ML | ========================
2026-07-04 19:29:03 | INFO | ML | START main()
2026-07-04 19:29:03 | INFO | ML | ========================
2026-07-04 19:29:03 | INFO | ML | Load dataset..............
2026-07-04 19:29:03 | INFO | ML | Loading dataset: hours_scores_case
2026-07-04 19:29:03 | INFO | ML | Loaded: 10 rows, 6 columns
2026-07-04 19:29:03 | DEBUG | ML | 
   hours_studied  practice_quizzes  attendance_pct  sleep_hours  prior_score  score
0            2.0                 1              72          6.0           58     62
1            3.5                 2              80          6.5           61     68
2            4.0                 3              85          7.0           64     72
3            5.0                 3              88          7.5           66     76
4            6.0                 4              90          7.0           70     81
2026-07-04 19:29:03 | INFO | ML | Inspect dataset...........
2026-07-04 19:29:03 | INFO | ML | Column names
2026-07-04 19:29:03 | DEBUG | ML | ['hours_studied', 'practice_quizzes', 'attendance_pct', 'sleep_hours', 'prior_score', 'score']
2026-07-04 19:29:03 | INFO | ML | DataFrame info
2026-07-04 19:29:03 | INFO | ML | Dataset shape: 10 rows, 6 columns
2026-07-04 19:29:03 | INFO | ML | Check data quality........
2026-07-04 19:29:03 | INFO | ML | Missing values by column
2026-07-04 19:29:03 | DEBUG | ML | 
hours_studied       0
practice_quizzes    0
attendance_pct      0
sleep_hours         0
prior_score         0
score               0
dtype: int64
2026-07-04 19:29:03 | INFO | ML | Duplicate row count: 0
2026-07-04 19:29:03 | INFO | ML | Create clean view.........
2026-07-04 19:29:03 | INFO | ML | Creating clean modeling view
2026-07-04 19:29:03 | INFO | ML | Clean view: 10 rows, 6 columns
2026-07-04 19:29:03 | INFO | ML | Train supervised model....
2026-07-04 19:29:03 | INFO | ML | Training LinearRegression model
2026-07-04 19:29:03 | INFO | ML | Mean absolute error: 0.48
2026-07-04 19:29:03 | INFO | ML | R-squared: 1.00
2026-07-04 19:29:03 | INFO | ML | Predict one case..........
2026-07-04 19:29:03 | INFO | ML | Predicting one new case
2026-07-04 19:29:03 | INFO | ML | New case:
   hours_studied  practice_quizzes  attendance_pct  sleep_hours  prior_score
0            6.5                 4              92          7.0           72
2026-07-04 19:29:03 | INFO | ML | Predicted score: 83.4
2026-07-04 19:29:03 | INFO | ML | Create charts.............
2026-07-04 19:29:03 | INFO | ML | Creating chart: hours studied vs score
2026-07-04 19:29:03 | INFO | ML | Creating chart: model coefficients
2026-07-04 19:29:03 | INFO | ML | Got a figure Figure(900x500) and axes Axes(0.125,0.11;0.775x0.77) from plt.subplots().
2026-07-04 19:29:03 | INFO | ML | Summarize workflow........
2026-07-04 19:29:03 | INFO | ML | ========================
2026-07-04 19:29:03 | INFO | ML | SUMMARY
2026-07-04 19:29:03 | INFO | ML | ========================
2026-07-04 19:29:03 | INFO | ML | Dataset: hours_scores_case
2026-07-04 19:29:03 | INFO | ML | Original rows: 10
2026-07-04 19:29:03 | INFO | ML | Clean rows: 10
2026-07-04 19:29:03 | INFO | ML | Features: ['hours_studied', 'practice_quizzes', 'attendance_pct', 'sleep_hours', 'prior_score']
2026-07-04 19:29:03 | INFO | ML | Target: score
2026-07-04 19:29:03 | INFO | ML | ----- in a script, call plt.show() once at the end to display all charts -----
2026-07-04 19:29:03 | INFO | ML | ----- in a script, CLOSE the chart windows with the close button to CONTINUE -----
2026-07-04 19:29:07 | INFO | ML | Workflow complete
2026-07-04 19:29:07 | INFO | ML | IMPORTANT: This script creates chart windows.
2026-07-04 19:29:07 | INFO | ML | Close chart windows and terminate this process with CTRL+c as needed.
2026-07-04 19:29:07 | INFO | ML | ========================
2026-07-04 19:29:07 | INFO | ML | Executed successfully!
2026-07-04 19:29:07 | INFO | ML | ========================
2026-07-04 19:30:57 | INFO | M02 | === RUN START ===
2026-07-04 19:30:57 | INFO | M02 | project=M02
2026-07-04 19:30:57 | INFO | M02 | repo_dir=ml-02-features
2026-07-04 19:30:57 | INFO | M02 | python=3.14.2
2026-07-04 19:30:57 | INFO | M02 | os=Windows 11
2026-07-04 19:30:57 | INFO | M02 | shell=powershell
2026-07-04 19:30:57 | INFO | M02 | cwd=notebooks
2026-07-04 19:30:57 | INFO | M02 | github_actions=False
2026-07-04 19:30:57 | INFO | M02 | Confirming installation:
2026-07-04 19:30:57 | INFO | M02 |   python:       3.14.2
2026-07-04 19:30:57 | INFO | M02 |   pandas:       3.0.3
2026-07-04 19:30:57 | INFO | M02 |   numpy:        2.5.1
2026-07-04 19:30:57 | INFO | M02 |   scikit-learn: 1.9.0
2026-07-04 19:30:57 | INFO | M02 |   seaborn:      0.13.2
2026-07-04 19:30:57 | INFO | M02 |   matplotlib:   3.11.0
2026-07-04 19:30:57 | INFO | M02 | Loading dataset: penguins
2026-07-04 19:30:57 | INFO | M02 | Loaded: 344 rows (instances), 7 columns
2026-07-04 19:30:57 | INFO | M02 | The intended target is 'body_mass_g'.
2026-07-04 19:30:57 | INFO | M02 | Any feature derived FROM the target would leak the answer. Avoid those.
2026-07-04 19:30:57 | INFO | M02 | Per-column completeness and type:
2026-07-04 19:30:57 | INFO | M02 |   species              str        present=100.0%  missing=0
2026-07-04 19:30:57 | INFO | M02 |   island               str        present=100.0%  missing=0
2026-07-04 19:30:57 | INFO | M02 |   bill_length_mm       float64    present= 99.4%  missing=2
2026-07-04 19:30:57 | INFO | M02 |   bill_depth_mm        float64    present= 99.4%  missing=2
2026-07-04 19:30:57 | INFO | M02 |   flipper_length_mm    float64    present= 99.4%  missing=2
2026-07-04 19:30:57 | INFO | M02 |   body_mass_g          float64    present= 99.4%  missing=2
2026-07-04 19:30:57 | INFO | M02 |   sex                  str        present= 96.8%  missing=11
2026-07-04 19:30:57 | INFO | M02 | Numeric summary (for spread / outliers):
2026-07-04 19:30:57 | DEBUG | M02 | 
       bill_length_mm  bill_depth_mm  flipper_length_mm  body_mass_g
count      342.000000     342.000000         342.000000   342.000000
mean        43.921930      17.151170         200.915205  4201.754386
std          5.459584       1.974793          14.061714   801.954536
min         32.100000      13.100000         172.000000  2700.000000
25%         39.225000      15.600000         190.000000  3550.000000
50%         44.450000      17.300000         197.000000  4050.000000
75%         48.500000      18.700000         213.000000  4750.000000
max         59.600000      21.500000         231.000000  6300.000000
2026-07-04 19:30:57 | INFO | M02 | Constructing features (vectorized, none are derived from the target)
2026-07-04 19:30:57 | INFO | M02 | Added features: ['bill_ratio', 'flipper_cm', 'size_class']
2026-07-04 19:30:57 | DEBUG | M02 | Sample of constructed features:
2026-07-04 19:30:57 | DEBUG | M02 | 
   flipper_length_mm  bill_ratio  flipper_cm size_class
0              181.0    2.090909        18.1      small
1              186.0    2.270115        18.6      small
2              195.0    2.238889        19.5     medium
3                NaN         NaN         NaN        NaN
4              193.0    1.901554        19.3     medium
2026-07-04 19:30:57 | INFO | M02 | ========================
2026-07-04 19:30:57 | INFO | M02 | SUMMARY
2026-07-04 19:30:57 | INFO | M02 | ========================
2026-07-04 19:30:57 | INFO | M02 | Dataset:          penguins
2026-07-04 19:30:57 | INFO | M02 | Original columns: 7
2026-07-04 19:30:57 | INFO | M02 | After features:   10
2026-07-04 19:30:57 | INFO | M02 | Intended target:  body_mass_g
2026-07-04 19:30:57 | INFO | M02 | ========================
2026-07-04 19:32:20 | INFO | ML | === RUN START ===
2026-07-04 19:32:20 | INFO | ML | project=ML
2026-07-04 19:32:20 | INFO | ML | repo_dir=ml-02-features
2026-07-04 19:32:20 | INFO | ML | python=3.14.2
2026-07-04 19:32:20 | INFO | ML | os=Windows 11
2026-07-04 19:32:20 | INFO | ML | shell=powershell
2026-07-04 19:32:20 | INFO | ML | cwd=.
2026-07-04 19:32:20 | INFO | ML | github_actions=False
2026-07-04 20:34:01 | INFO | M02 | === RUN START ===
2026-07-04 20:34:01 | INFO | M02 | project=M02
2026-07-04 20:34:01 | INFO | M02 | repo_dir=ml-02-features
2026-07-04 20:34:01 | INFO | M02 | python=3.14.2
2026-07-04 20:34:01 | INFO | M02 | os=Windows 11
2026-07-04 20:34:01 | INFO | M02 | shell=powershell
2026-07-04 20:34:01 | INFO | M02 | cwd=notebooks
2026-07-04 20:34:01 | INFO | M02 | github_actions=False
2026-07-04 20:34:01 | INFO | M02 | Confirming installation:
2026-07-04 20:34:01 | INFO | M02 |   python:       3.14.2
2026-07-04 20:34:01 | INFO | M02 |   pandas:       3.0.3
2026-07-04 20:34:01 | INFO | M02 |   numpy:        2.5.1
2026-07-04 20:34:01 | INFO | M02 |   scikit-learn: 1.9.0
2026-07-04 20:34:01 | INFO | M02 |   seaborn:      0.13.2
2026-07-04 20:34:01 | INFO | M02 |   matplotlib:   3.11.0
2026-07-04 20:34:01 | INFO | M02 | Loading dataset: penguins
2026-07-04 20:34:01 | INFO | M02 | Loaded: 344 rows (instances), 7 columns
2026-07-04 20:34:01 | INFO | M02 | The intended target is 'body_mass_g'.
2026-07-04 20:34:01 | INFO | M02 | Any feature derived FROM the target would leak the answer. Avoid those.
2026-07-04 20:34:01 | INFO | M02 | Per-column completeness and type:
2026-07-04 20:34:01 | INFO | M02 |   species              str        present=100.0%  missing=0
2026-07-04 20:34:01 | INFO | M02 |   island               str        present=100.0%  missing=0
2026-07-04 20:34:01 | INFO | M02 |   bill_length_mm       float64    present= 99.4%  missing=2
2026-07-04 20:34:01 | INFO | M02 |   bill_depth_mm        float64    present= 99.4%  missing=2
2026-07-04 20:34:01 | INFO | M02 |   flipper_length_mm    float64    present= 99.4%  missing=2
2026-07-04 20:34:01 | INFO | M02 |   body_mass_g          float64    present= 99.4%  missing=2
2026-07-04 20:34:01 | INFO | M02 |   sex                  str        present= 96.8%  missing=11
2026-07-04 20:34:01 | INFO | M02 | Numeric summary (for spread / outliers):
2026-07-04 20:34:01 | DEBUG | M02 | 
       bill_length_mm  bill_depth_mm  flipper_length_mm  body_mass_g
count      342.000000     342.000000         342.000000   342.000000
mean        43.921930      17.151170         200.915205  4201.754386
std          5.459584       1.974793          14.061714   801.954536
min         32.100000      13.100000         172.000000  2700.000000
25%         39.225000      15.600000         190.000000  3550.000000
50%         44.450000      17.300000         197.000000  4050.000000
75%         48.500000      18.700000         213.000000  4750.000000
max         59.600000      21.500000         231.000000  6300.000000
2026-07-04 20:34:01 | INFO | M02 | Constructing features (vectorized, none are derived from the target)
2026-07-04 20:34:01 | INFO | M02 | Added features: ['bill_ratio', 'flipper_cm', 'size_class']
2026-07-04 20:34:01 | DEBUG | M02 | Sample of constructed features:
2026-07-04 20:34:01 | DEBUG | M02 | 
   flipper_length_mm  bill_ratio  flipper_cm size_class
0              181.0    2.090909        18.1      small
1              186.0    2.270115        18.6      small
2              195.0    2.238889        19.5     medium
3                NaN         NaN         NaN        NaN
4              193.0    1.901554        19.3     medium
2026-07-04 20:34:01 | INFO | M02 | ========================
2026-07-04 20:34:01 | INFO | M02 | SUMMARY
2026-07-04 20:34:01 | INFO | M02 | ========================
2026-07-04 20:34:01 | INFO | M02 | Dataset:          penguins
2026-07-04 20:34:01 | INFO | M02 | Original columns: 7
2026-07-04 20:34:01 | INFO | M02 | After features:   10
2026-07-04 20:34:01 | INFO | M02 | Intended target:  body_mass_g
2026-07-04 20:34:01 | INFO | M02 | ========================
2026-07-05 15:51:48 | INFO | ML | === RUN START ===
2026-07-05 15:51:48 | INFO | ML | project=ML
2026-07-05 15:51:48 | INFO | ML | repo_dir=ml-02-features
2026-07-05 15:51:48 | INFO | ML | python=3.14.2
2026-07-05 15:51:48 | INFO | ML | os=Windows 11
2026-07-05 15:51:48 | INFO | ML | shell=powershell
2026-07-05 15:51:48 | INFO | ML | cwd=.
2026-07-05 15:51:48 | INFO | ML | github_actions=False
2026-07-05 15:51:48 | INFO | ML | === RUN START ===
2026-07-05 15:51:48 | INFO | ML | project=ML
2026-07-05 15:51:48 | INFO | ML | repo_dir=ml-02-features
2026-07-05 15:51:48 | INFO | ML | python=3.14.2
2026-07-05 15:51:48 | INFO | ML | os=Windows 11
2026-07-05 15:51:48 | INFO | ML | shell=powershell
2026-07-05 15:51:48 | INFO | ML | cwd=.
2026-07-05 15:51:48 | INFO | ML | github_actions=False
2026-07-05 15:51:48 | INFO | ML | ========================
2026-07-05 15:51:48 | INFO | ML | START main()
2026-07-05 15:51:48 | INFO | ML | ========================
2026-07-05 15:51:48 | INFO | ML | Load dataset..............
2026-07-05 15:51:48 | INFO | ML | Loading dataset: hours_scores_case
2026-07-05 15:51:48 | INFO | ML | Loaded: 10 rows, 6 columns
2026-07-05 15:51:48 | DEBUG | ML | 
   hours_studied  practice_quizzes  attendance_pct  sleep_hours  prior_score  score
0            2.0                 1              72          6.0           58     62
1            3.5                 2              80          6.5           61     68
2            4.0                 3              85          7.0           64     72
3            5.0                 3              88          7.5           66     76
4            6.0                 4              90          7.0           70     81
2026-07-05 15:51:48 | INFO | ML | Inspect dataset...........
2026-07-05 15:51:48 | INFO | ML | Column names
2026-07-05 15:51:48 | DEBUG | ML | ['hours_studied', 'practice_quizzes', 'attendance_pct', 'sleep_hours', 'prior_score', 'score']
2026-07-05 15:51:48 | INFO | ML | DataFrame info
2026-07-05 15:51:48 | INFO | ML | Dataset shape: 10 rows, 6 columns
2026-07-05 15:51:48 | INFO | ML | Check data quality........
2026-07-05 15:51:48 | INFO | ML | Missing values by column
2026-07-05 15:51:48 | DEBUG | ML | 
hours_studied       0
practice_quizzes    0
attendance_pct      0
sleep_hours         0
prior_score         0
score               0
dtype: int64
2026-07-05 15:51:48 | INFO | ML | Duplicate row count: 0
2026-07-05 15:51:48 | INFO | ML | Create clean view.........
2026-07-05 15:51:48 | INFO | ML | Creating clean modeling view
2026-07-05 15:51:48 | INFO | ML | Clean view: 10 rows, 6 columns
2026-07-05 15:51:48 | INFO | ML | Train supervised model....
2026-07-05 15:51:48 | INFO | ML | Training LinearRegression model
2026-07-05 15:51:48 | INFO | ML | Mean absolute error: 0.48
2026-07-05 15:51:48 | INFO | ML | R-squared: 1.00
2026-07-05 15:51:48 | INFO | ML | Predict one case..........
2026-07-05 15:51:48 | INFO | ML | Predicting one new case
2026-07-05 15:51:48 | INFO | ML | New case:
   hours_studied  practice_quizzes  attendance_pct  sleep_hours  prior_score
0            6.5                 4              92          7.0           72
2026-07-05 15:51:48 | INFO | ML | Predicted score: 83.4
2026-07-05 15:51:48 | INFO | ML | Create charts.............
2026-07-05 15:51:48 | INFO | ML | Creating chart: hours studied vs score
2026-07-05 15:51:48 | INFO | ML | Creating chart: model coefficients
2026-07-05 15:51:48 | INFO | ML | Got a figure Figure(900x500) and axes Axes(0.125,0.11;0.775x0.77) from plt.subplots().
2026-07-05 15:51:48 | INFO | ML | Summarize workflow........
2026-07-05 15:51:48 | INFO | ML | ========================
2026-07-05 15:51:48 | INFO | ML | SUMMARY
2026-07-05 15:51:48 | INFO | ML | ========================
2026-07-05 15:51:48 | INFO | ML | Dataset: hours_scores_case
2026-07-05 15:51:48 | INFO | ML | Original rows: 10
2026-07-05 15:51:48 | INFO | ML | Clean rows: 10
2026-07-05 15:51:48 | INFO | ML | Features: ['hours_studied', 'practice_quizzes', 'attendance_pct', 'sleep_hours', 'prior_score']
2026-07-05 15:51:48 | INFO | ML | Target: score
2026-07-05 15:51:48 | INFO | ML | ----- in a script, call plt.show() once at the end to display all charts -----
2026-07-05 15:51:48 | INFO | ML | ----- in a script, CLOSE the chart windows with the close button to CONTINUE -----
2026-07-05 15:51:52 | INFO | ML | Workflow complete
2026-07-05 15:51:52 | INFO | ML | IMPORTANT: This script creates chart windows.
2026-07-05 15:51:52 | INFO | ML | Close chart windows and terminate this process with CTRL+c as needed.
2026-07-05 15:51:52 | INFO | ML | ========================
2026-07-05 15:51:52 | INFO | ML | Executed successfully!
2026-07-05 15:51:52 | INFO | ML | ========================
2026-07-05 15:52:15 | INFO | M02 | === RUN START ===
2026-07-05 15:52:15 | INFO | M02 | project=M02
2026-07-05 15:52:15 | INFO | M02 | repo_dir=ml-02-features
2026-07-05 15:52:15 | INFO | M02 | python=3.14.2
2026-07-05 15:52:15 | INFO | M02 | os=Windows 11
2026-07-05 15:52:15 | INFO | M02 | shell=powershell
2026-07-05 15:52:15 | INFO | M02 | cwd=notebooks
2026-07-05 15:52:15 | INFO | M02 | github_actions=False
2026-07-05 15:52:15 | INFO | M02 | Confirming installation:
2026-07-05 15:52:15 | INFO | M02 |   python:       3.14.2
2026-07-05 15:52:15 | INFO | M02 |   pandas:       3.0.3
2026-07-05 15:52:15 | INFO | M02 |   numpy:        2.5.1
2026-07-05 15:52:15 | INFO | M02 |   scikit-learn: 1.9.0
2026-07-05 15:52:15 | INFO | M02 |   seaborn:      0.13.2
2026-07-05 15:52:15 | INFO | M02 |   matplotlib:   3.11.0
2026-07-05 15:52:15 | INFO | M02 | Loading dataset: penguins
2026-07-05 15:52:15 | INFO | M02 | Loaded: 344 rows (instances), 7 columns
2026-07-05 15:52:15 | INFO | M02 | The intended target is 'body_mass_g'.
2026-07-05 15:52:15 | INFO | M02 | Any feature derived FROM the target would leak the answer. Avoid those.
2026-07-05 15:52:15 | INFO | M02 | Per-column completeness and type:
2026-07-05 15:52:15 | INFO | M02 |   species              str        present=100.0%  missing=0
2026-07-05 15:52:15 | INFO | M02 |   island               str        present=100.0%  missing=0
2026-07-05 15:52:15 | INFO | M02 |   bill_length_mm       float64    present= 99.4%  missing=2
2026-07-05 15:52:15 | INFO | M02 |   bill_depth_mm        float64    present= 99.4%  missing=2
2026-07-05 15:52:15 | INFO | M02 |   flipper_length_mm    float64    present= 99.4%  missing=2
2026-07-05 15:52:15 | INFO | M02 |   body_mass_g          float64    present= 99.4%  missing=2
2026-07-05 15:52:15 | INFO | M02 |   sex                  str        present= 96.8%  missing=11
2026-07-05 15:52:15 | INFO | M02 | Numeric summary (for spread / outliers):
2026-07-05 15:52:15 | DEBUG | M02 | 
       bill_length_mm  bill_depth_mm  flipper_length_mm  body_mass_g
count      342.000000     342.000000         342.000000   342.000000
mean        43.921930      17.151170         200.915205  4201.754386
std          5.459584       1.974793          14.061714   801.954536
min         32.100000      13.100000         172.000000  2700.000000
25%         39.225000      15.600000         190.000000  3550.000000
50%         44.450000      17.300000         197.000000  4050.000000
75%         48.500000      18.700000         213.000000  4750.000000
max         59.600000      21.500000         231.000000  6300.000000
2026-07-05 15:52:15 | INFO | M02 | Constructing features (vectorized, none are derived from the target)
2026-07-05 15:52:15 | INFO | M02 | Added features: ['bill_ratio', 'flipper_cm', 'size_class']
2026-07-05 15:52:15 | DEBUG | M02 | Sample of constructed features:
2026-07-05 15:52:15 | DEBUG | M02 | 
   flipper_length_mm  bill_ratio  flipper_cm size_class
0              181.0    2.090909        18.1      small
1              186.0    2.270115        18.6      small
2              195.0    2.238889        19.5     medium
3                NaN         NaN         NaN        NaN
4              193.0    1.901554        19.3     medium
2026-07-05 15:52:15 | INFO | M02 | ========================
2026-07-05 15:52:15 | INFO | M02 | SUMMARY
2026-07-05 15:52:15 | INFO | M02 | ========================
2026-07-05 15:52:15 | INFO | M02 | Dataset:          penguins
2026-07-05 15:52:15 | INFO | M02 | Original columns: 7
2026-07-05 15:52:15 | INFO | M02 | After features:   10
2026-07-05 15:52:15 | INFO | M02 | Intended target:  body_mass_g
2026-07-05 15:52:15 | INFO | M02 | ========================
2026-07-05 15:52:54 | INFO | ML | === RUN START ===
2026-07-05 15:52:54 | INFO | ML | project=ML
2026-07-05 15:52:54 | INFO | ML | repo_dir=ml-02-features
2026-07-05 15:52:54 | INFO | ML | python=3.14.2
2026-07-05 15:52:54 | INFO | ML | os=Windows 11
2026-07-05 15:52:54 | INFO | ML | shell=powershell
2026-07-05 15:52:54 | INFO | ML | cwd=.
2026-07-05 15:52:54 | INFO | ML | github_actions=False
2026-07-10 19:28:43 | INFO | M02 | === RUN START ===
2026-07-10 19:28:43 | INFO | M02 | project=M02
2026-07-10 19:28:43 | INFO | M02 | repo_dir=ml-02-features
2026-07-10 19:28:43 | INFO | M02 | python=3.14.2
2026-07-10 19:28:43 | INFO | M02 | os=Windows 11
2026-07-10 19:28:43 | INFO | M02 | shell=powershell
2026-07-10 19:28:43 | INFO | M02 | cwd=notebooks
2026-07-10 19:28:43 | INFO | M02 | github_actions=False
2026-07-10 19:28:43 | INFO | M02 | Confirming installation:
2026-07-10 19:28:43 | INFO | M02 |   python:       3.14.2
2026-07-10 19:28:43 | INFO | M02 |   pandas:       3.0.3
2026-07-10 19:28:43 | INFO | M02 |   numpy:        2.5.1
2026-07-10 19:28:43 | INFO | M02 |   scikit-learn: 1.9.0
2026-07-10 19:28:43 | INFO | M02 |   seaborn:      0.13.2
2026-07-10 19:28:43 | INFO | M02 |   matplotlib:   3.11.0
2026-07-10 19:28:43 | INFO | M02 | Loading dataset: penguins
2026-07-10 19:28:43 | INFO | M02 | Loaded: 344 rows (instances), 7 columns
2026-07-10 19:28:43 | INFO | M02 | The intended target is 'body_mass_g'.
2026-07-10 19:28:43 | INFO | M02 | Any feature derived FROM the target would leak the answer. Avoid those.
2026-07-10 19:28:43 | INFO | M02 | Per-column completeness and type:
2026-07-10 19:28:43 | INFO | M02 |   species              str        present=100.0%  missing=0
2026-07-10 19:28:43 | INFO | M02 |   island               str        present=100.0%  missing=0
2026-07-10 19:28:43 | INFO | M02 |   bill_length_mm       float64    present= 99.4%  missing=2
2026-07-10 19:28:43 | INFO | M02 |   bill_depth_mm        float64    present= 99.4%  missing=2
2026-07-10 19:28:43 | INFO | M02 |   flipper_length_mm    float64    present= 99.4%  missing=2
2026-07-10 19:28:43 | INFO | M02 |   body_mass_g          float64    present= 99.4%  missing=2
2026-07-10 19:28:43 | INFO | M02 |   sex                  str        present= 96.8%  missing=11
2026-07-10 19:28:43 | INFO | M02 | Numeric summary (for spread / outliers):
2026-07-10 19:28:43 | DEBUG | M02 | 
       bill_length_mm  bill_depth_mm  flipper_length_mm  body_mass_g
count      342.000000     342.000000         342.000000   342.000000
mean        43.921930      17.151170         200.915205  4201.754386
std          5.459584       1.974793          14.061714   801.954536
min         32.100000      13.100000         172.000000  2700.000000
25%         39.225000      15.600000         190.000000  3550.000000
50%         44.450000      17.300000         197.000000  4050.000000
75%         48.500000      18.700000         213.000000  4750.000000
max         59.600000      21.500000         231.000000  6300.000000
2026-07-10 19:28:43 | INFO | M02 | Constructing features (vectorized, none are derived from the target)
2026-07-10 19:28:43 | INFO | M02 | Added features: ['bill_ratio', 'flipper_cm', 'size_class']
2026-07-10 19:28:43 | DEBUG | M02 | Sample of constructed features:
2026-07-10 19:28:43 | DEBUG | M02 | 
   flipper_length_mm  bill_ratio  flipper_cm size_class
0              181.0    2.090909        18.1      small
1              186.0    2.270115        18.6      small
2              195.0    2.238889        19.5     medium
3                NaN         NaN         NaN        NaN
4              193.0    1.901554        19.3     medium
2026-07-10 19:28:43 | INFO | M02 | ========================
2026-07-10 19:28:43 | INFO | M02 | SUMMARY
2026-07-10 19:28:43 | INFO | M02 | ========================
2026-07-10 19:28:43 | INFO | M02 | Dataset:          penguins
2026-07-10 19:28:43 | INFO | M02 | Original columns: 7
2026-07-10 19:28:43 | INFO | M02 | After features:   10
2026-07-10 19:28:43 | INFO | M02 | Intended target:  body_mass_g
2026-07-10 19:28:43 | INFO | M02 | ========================
2026-07-10 20:09:20 | INFO | M02 | Constructing features (vectorized, none are derived from the target)
2026-07-10 20:09:20 | INFO | M02 | Added features: ['bill_ratio', 'flipper_cm', 'size_class', 'flipper_to_bill']
2026-07-10 20:09:20 | DEBUG | M02 | Sample of constructed features:
2026-07-10 20:09:20 | DEBUG | M02 | 
   flipper_length_mm  bill_ratio  flipper_cm size_class  flipper_to_bill
0              181.0    2.090909        18.1      small         4.629156
1              186.0    2.270115        18.6      small         4.708861
2              195.0    2.238889        19.5     medium         4.838710
3                NaN         NaN         NaN        NaN              NaN
4              193.0    1.901554        19.3     medium         5.258856
2026-07-10 20:09:47 | INFO | M02 | ========================
2026-07-10 20:09:47 | INFO | M02 | SUMMARY
2026-07-10 20:09:47 | INFO | M02 | ========================
2026-07-10 20:09:47 | INFO | M02 | Dataset:          penguins
2026-07-10 20:09:47 | INFO | M02 | Original columns: 7
2026-07-10 20:09:47 | INFO | M02 | After features:   11
2026-07-10 20:09:47 | INFO | M02 | Intended target:  body_mass_g
2026-07-10 20:09:47 | INFO | M02 | ========================
2026-07-10 20:10:10 | INFO | M02 | === RUN START ===
2026-07-10 20:10:10 | INFO | M02 | project=M02
2026-07-10 20:10:10 | INFO | M02 | repo_dir=ml-02-features
2026-07-10 20:10:10 | INFO | M02 | python=3.14.2
2026-07-10 20:10:10 | INFO | M02 | os=Windows 11
2026-07-10 20:10:10 | INFO | M02 | shell=powershell
2026-07-10 20:10:10 | INFO | M02 | cwd=notebooks
2026-07-10 20:10:10 | INFO | M02 | github_actions=False
2026-07-10 20:10:10 | INFO | M02 | Confirming installation:
2026-07-10 20:10:10 | INFO | M02 |   python:       3.14.2
2026-07-10 20:10:10 | INFO | M02 |   pandas:       3.0.3
2026-07-10 20:10:10 | INFO | M02 |   numpy:        2.5.1
2026-07-10 20:10:10 | INFO | M02 |   scikit-learn: 1.9.0
2026-07-10 20:10:10 | INFO | M02 |   seaborn:      0.13.2
2026-07-10 20:10:10 | INFO | M02 |   matplotlib:   3.11.0
2026-07-10 20:10:10 | INFO | M02 | Loading dataset: penguins
2026-07-10 20:10:10 | INFO | M02 | Loaded: 344 rows (instances), 7 columns
2026-07-10 20:10:10 | INFO | M02 | The intended target is 'body_mass_g'.
2026-07-10 20:10:10 | INFO | M02 | Any feature derived FROM the target would leak the answer. Avoid those.
2026-07-10 20:10:10 | INFO | M02 | Per-column completeness and type:
2026-07-10 20:10:10 | INFO | M02 |   species              str        present=100.0%  missing=0
2026-07-10 20:10:10 | INFO | M02 |   island               str        present=100.0%  missing=0
2026-07-10 20:10:10 | INFO | M02 |   bill_length_mm       float64    present= 99.4%  missing=2
2026-07-10 20:10:10 | INFO | M02 |   bill_depth_mm        float64    present= 99.4%  missing=2
2026-07-10 20:10:10 | INFO | M02 |   flipper_length_mm    float64    present= 99.4%  missing=2
2026-07-10 20:10:10 | INFO | M02 |   body_mass_g          float64    present= 99.4%  missing=2
2026-07-10 20:10:10 | INFO | M02 |   sex                  str        present= 96.8%  missing=11
2026-07-10 20:10:10 | INFO | M02 | Numeric summary (for spread / outliers):
2026-07-10 20:10:10 | DEBUG | M02 | 
       bill_length_mm  bill_depth_mm  flipper_length_mm  body_mass_g
count      342.000000     342.000000         342.000000   342.000000
mean        43.921930      17.151170         200.915205  4201.754386
std          5.459584       1.974793          14.061714   801.954536
min         32.100000      13.100000         172.000000  2700.000000
25%         39.225000      15.600000         190.000000  3550.000000
50%         44.450000      17.300000         197.000000  4050.000000
75%         48.500000      18.700000         213.000000  4750.000000
max         59.600000      21.500000         231.000000  6300.000000
2026-07-10 20:10:10 | INFO | M02 | Constructing features (vectorized, none are derived from the target)
2026-07-10 20:10:10 | INFO | M02 | Added features: ['bill_ratio', 'flipper_cm', 'size_class', 'flipper_to_bill']
2026-07-10 20:10:10 | DEBUG | M02 | Sample of constructed features:
2026-07-10 20:10:10 | DEBUG | M02 | 
   flipper_length_mm  bill_ratio  flipper_cm size_class  flipper_to_bill
0              181.0    2.090909        18.1      small         4.629156
1              186.0    2.270115        18.6      small         4.708861
2              195.0    2.238889        19.5     medium         4.838710
3                NaN         NaN         NaN        NaN              NaN
4              193.0    1.901554        19.3     medium         5.258856
2026-07-10 20:10:10 | INFO | M02 | ========================
2026-07-10 20:10:10 | INFO | M02 | SUMMARY
2026-07-10 20:10:10 | INFO | M02 | ========================
2026-07-10 20:10:10 | INFO | M02 | Dataset:          penguins
2026-07-10 20:10:10 | INFO | M02 | Original columns: 7
2026-07-10 20:10:10 | INFO | M02 | After features:   11
2026-07-10 20:10:10 | INFO | M02 | Intended target:  body_mass_g
2026-07-10 20:10:10 | INFO | M02 | ========================
2026-07-10 20:10:50 | INFO | M02 | === RUN START ===
2026-07-10 20:10:50 | INFO | M02 | project=M02
2026-07-10 20:10:50 | INFO | M02 | repo_dir=ml-02-features
2026-07-10 20:10:50 | INFO | M02 | python=3.14.2
2026-07-10 20:10:50 | INFO | M02 | os=Windows 11
2026-07-10 20:10:50 | INFO | M02 | shell=powershell
2026-07-10 20:10:50 | INFO | M02 | cwd=notebooks
2026-07-10 20:10:50 | INFO | M02 | github_actions=False
2026-07-10 20:10:50 | INFO | M02 | Confirming installation:
2026-07-10 20:10:50 | INFO | M02 |   python:       3.14.2
2026-07-10 20:10:50 | INFO | M02 |   pandas:       3.0.3
2026-07-10 20:10:50 | INFO | M02 |   numpy:        2.5.1
2026-07-10 20:10:50 | INFO | M02 |   scikit-learn: 1.9.0
2026-07-10 20:10:50 | INFO | M02 |   seaborn:      0.13.2
2026-07-10 20:10:50 | INFO | M02 |   matplotlib:   3.11.0
2026-07-10 20:10:50 | INFO | M02 | Loading dataset: penguins
2026-07-10 20:10:50 | INFO | M02 | Loaded: 344 rows (instances), 7 columns
2026-07-10 20:10:50 | INFO | M02 | The intended target is 'body_mass_g'.
2026-07-10 20:10:50 | INFO | M02 | Any feature derived FROM the target would leak the answer. Avoid those.
2026-07-10 20:10:50 | INFO | M02 | Per-column completeness and type:
2026-07-10 20:10:50 | INFO | M02 |   species              str        present=100.0%  missing=0
2026-07-10 20:10:50 | INFO | M02 |   island               str        present=100.0%  missing=0
2026-07-10 20:10:50 | INFO | M02 |   bill_length_mm       float64    present= 99.4%  missing=2
2026-07-10 20:10:50 | INFO | M02 |   bill_depth_mm        float64    present= 99.4%  missing=2
2026-07-10 20:10:50 | INFO | M02 |   flipper_length_mm    float64    present= 99.4%  missing=2
2026-07-10 20:10:50 | INFO | M02 |   body_mass_g          float64    present= 99.4%  missing=2
2026-07-10 20:10:50 | INFO | M02 |   sex                  str        present= 96.8%  missing=11
2026-07-10 20:10:50 | INFO | M02 | Numeric summary (for spread / outliers):
2026-07-10 20:10:50 | DEBUG | M02 | 
       bill_length_mm  bill_depth_mm  flipper_length_mm  body_mass_g
count      342.000000     342.000000         342.000000   342.000000
mean        43.921930      17.151170         200.915205  4201.754386
std          5.459584       1.974793          14.061714   801.954536
min         32.100000      13.100000         172.000000  2700.000000
25%         39.225000      15.600000         190.000000  3550.000000
50%         44.450000      17.300000         197.000000  4050.000000
75%         48.500000      18.700000         213.000000  4750.000000
max         59.600000      21.500000         231.000000  6300.000000
2026-07-10 20:10:50 | INFO | M02 | Constructing features (vectorized, none are derived from the target)
2026-07-10 20:10:50 | INFO | M02 | Added features: ['bill_ratio', 'flipper_cm', 'size_class', 'flipper_to_bill']
2026-07-10 20:10:50 | DEBUG | M02 | Sample of constructed features:
2026-07-10 20:10:50 | DEBUG | M02 | 
   flipper_length_mm  bill_ratio  flipper_cm size_class  flipper_to_bill
0              181.0    2.090909        18.1      small         4.629156
1              186.0    2.270115        18.6      small         4.708861
2              195.0    2.238889        19.5     medium         4.838710
3                NaN         NaN         NaN        NaN              NaN
4              193.0    1.901554        19.3     medium         5.258856
2026-07-10 20:10:50 | INFO | M02 | ========================
2026-07-10 20:10:50 | INFO | M02 | SUMMARY
2026-07-10 20:10:50 | INFO | M02 | ========================
2026-07-10 20:10:50 | INFO | M02 | Dataset:          penguins
2026-07-10 20:10:50 | INFO | M02 | Original columns: 7
2026-07-10 20:10:50 | INFO | M02 | After features:   11
2026-07-10 20:10:50 | INFO | M02 | Intended target:  body_mass_g
2026-07-10 20:10:50 | INFO | M02 | ========================
2026-07-10 20:16:58 | INFO | M02 | === RUN START ===
2026-07-10 20:16:58 | INFO | M02 | project=M02
2026-07-10 20:16:58 | INFO | M02 | repo_dir=ml-02-features
2026-07-10 20:16:58 | INFO | M02 | python=3.14.2
2026-07-10 20:16:58 | INFO | M02 | os=Windows 11
2026-07-10 20:16:58 | INFO | M02 | shell=powershell
2026-07-10 20:16:58 | INFO | M02 | cwd=notebooks
2026-07-10 20:16:58 | INFO | M02 | github_actions=False
2026-07-10 20:16:58 | INFO | M02 | Confirming installation:
2026-07-10 20:16:58 | INFO | M02 |   python:       3.14.2
2026-07-10 20:16:58 | INFO | M02 |   pandas:       3.0.3
2026-07-10 20:16:58 | INFO | M02 |   numpy:        2.5.1
2026-07-10 20:16:58 | INFO | M02 |   scikit-learn: 1.9.0
2026-07-10 20:16:58 | INFO | M02 |   seaborn:      0.13.2
2026-07-10 20:16:58 | INFO | M02 |   matplotlib:   3.11.0
2026-07-10 20:16:58 | INFO | M02 | Loading dataset: penguins
2026-07-10 20:16:58 | INFO | M02 | Loaded: 344 rows (instances), 7 columns
2026-07-10 20:16:58 | INFO | M02 | The intended target is 'body_mass_g'.
2026-07-10 20:16:58 | INFO | M02 | Any feature derived FROM the target would leak the answer. Avoid those.
2026-07-10 20:16:58 | INFO | M02 | Per-column completeness and type:
2026-07-10 20:16:58 | INFO | M02 |   species              str        present=100.0%  missing=0
2026-07-10 20:16:58 | INFO | M02 |   island               str        present=100.0%  missing=0
2026-07-10 20:16:58 | INFO | M02 |   bill_length_mm       float64    present= 99.4%  missing=2
2026-07-10 20:16:58 | INFO | M02 |   bill_depth_mm        float64    present= 99.4%  missing=2
2026-07-10 20:16:58 | INFO | M02 |   flipper_length_mm    float64    present= 99.4%  missing=2
2026-07-10 20:16:58 | INFO | M02 |   body_mass_g          float64    present= 99.4%  missing=2
2026-07-10 20:16:58 | INFO | M02 |   sex                  str        present= 96.8%  missing=11
2026-07-10 20:16:58 | INFO | M02 | Numeric summary (for spread / outliers):
2026-07-10 20:16:58 | DEBUG | M02 | 
       bill_length_mm  bill_depth_mm  flipper_length_mm  body_mass_g
count      342.000000     342.000000         342.000000   342.000000
mean        43.921930      17.151170         200.915205  4201.754386
std          5.459584       1.974793          14.061714   801.954536
min         32.100000      13.100000         172.000000  2700.000000
25%         39.225000      15.600000         190.000000  3550.000000
50%         44.450000      17.300000         197.000000  4050.000000
75%         48.500000      18.700000         213.000000  4750.000000
max         59.600000      21.500000         231.000000  6300.000000
2026-07-10 20:16:58 | INFO | M02 | Constructing features (vectorized, none are derived from the target)
2026-07-10 20:16:58 | INFO | M02 | Added features: ['bill_ratio', 'flipper_cm', 'size_class', 'flipper_to_bill']
2026-07-10 20:16:58 | DEBUG | M02 | Sample of constructed features:
2026-07-10 20:16:58 | DEBUG | M02 | 
   flipper_length_mm  bill_ratio  flipper_cm size_class  flipper_to_bill
0              181.0    2.090909        18.1      small         4.629156
1              186.0    2.270115        18.6      small         4.708861
2              195.0    2.238889        19.5     medium         4.838710
3                NaN         NaN         NaN        NaN              NaN
4              193.0    1.901554        19.3     medium         5.258856
2026-07-10 20:16:58 | INFO | M02 | ========================
2026-07-10 20:16:58 | INFO | M02 | SUMMARY
2026-07-10 20:16:58 | INFO | M02 | ========================
2026-07-10 20:16:58 | INFO | M02 | Dataset:          penguins
2026-07-10 20:16:58 | INFO | M02 | Original columns: 7
2026-07-10 20:16:58 | INFO | M02 | After features:   11
2026-07-10 20:16:58 | INFO | M02 | Intended target:  body_mass_g
2026-07-10 20:16:58 | INFO | M02 | ========================
2026-07-10 20:27:33 | INFO | ML | === RUN START ===
2026-07-10 20:27:33 | INFO | ML | project=ML
2026-07-10 20:27:33 | INFO | ML | repo_dir=ml-02-features
2026-07-10 20:27:33 | INFO | ML | python=3.14.2
2026-07-10 20:27:33 | INFO | ML | os=Windows 11
2026-07-10 20:27:33 | INFO | ML | shell=powershell
2026-07-10 20:27:33 | INFO | ML | cwd=.
2026-07-10 20:27:33 | INFO | ML | github_actions=False
2026-07-11 14:20:06 | INFO | M02-STUDENTS | === RUN START ===
2026-07-11 14:20:06 | INFO | M02-STUDENTS | project=M02
2026-07-11 14:20:06 | INFO | M02-STUDENTS | repo_dir=ml-02-features
2026-07-11 14:20:06 | INFO | M02-STUDENTS | python=3.14.2
2026-07-11 14:20:06 | INFO | M02-STUDENTS | os=Windows 11
2026-07-11 14:20:06 | INFO | M02-STUDENTS | shell=powershell
2026-07-11 14:20:06 | INFO | M02-STUDENTS | cwd=notebooks
2026-07-11 14:20:06 | INFO | M02-STUDENTS | github_actions=False
2026-07-11 14:20:06 | INFO | M02-STUDENTS | Confirming installation:
2026-07-11 14:20:06 | INFO | M02-STUDENTS |   python:       3.14.2
2026-07-11 14:20:06 | INFO | M02-STUDENTS |   pandas:       3.0.3
2026-07-11 14:20:06 | INFO | M02-STUDENTS |   numpy:        2.5.1
2026-07-11 14:20:06 | INFO | M02-STUDENTS |   scikit-learn: 1.9.0
2026-07-11 14:20:06 | INFO | M02-STUDENTS |   seaborn:      0.13.2
2026-07-11 14:20:06 | INFO | M02-STUDENTS |   matplotlib:   3.11.0
2026-07-11 14:22:13 | INFO | M02-STUDENTS | Loading dataset: student-mat
2026-07-11 14:22:13 | INFO | M02-STUDENTS | Loaded: 395 rows (instances), 33 columns
2026-07-11 14:26:09 | INFO | M02-STUDENTS | The intended target is 'G3'.
2026-07-11 14:26:09 | INFO | M02-STUDENTS | Any feature derived FROM the target would leak the answer. Avoid those.
2026-07-11 14:26:09 | INFO | M02-STUDENTS | Per-column completeness and type:
2026-07-11 14:26:09 | INFO | M02-STUDENTS |   school               str        present=100.0%  missing=0
2026-07-11 14:26:09 | INFO | M02-STUDENTS |   sex                  str        present=100.0%  missing=0
2026-07-11 14:26:09 | INFO | M02-STUDENTS |   age                  int64      present=100.0%  missing=0
2026-07-11 14:26:09 | INFO | M02-STUDENTS |   address              str        present=100.0%  missing=0
2026-07-11 14:26:09 | INFO | M02-STUDENTS |   famsize              str        present=100.0%  missing=0
2026-07-11 14:26:09 | INFO | M02-STUDENTS |   Pstatus              str        present=100.0%  missing=0
2026-07-11 14:26:09 | INFO | M02-STUDENTS |   Medu                 int64      present=100.0%  missing=0
2026-07-11 14:26:09 | INFO | M02-STUDENTS |   Fedu                 int64      present=100.0%  missing=0
2026-07-11 14:26:09 | INFO | M02-STUDENTS |   Mjob                 str        present=100.0%  missing=0
2026-07-11 14:26:09 | INFO | M02-STUDENTS |   Fjob                 str        present=100.0%  missing=0
2026-07-11 14:26:09 | INFO | M02-STUDENTS |   reason               str        present=100.0%  missing=0
2026-07-11 14:26:09 | INFO | M02-STUDENTS |   guardian             str        present=100.0%  missing=0
2026-07-11 14:26:09 | INFO | M02-STUDENTS |   traveltime           int64      present=100.0%  missing=0
2026-07-11 14:26:09 | INFO | M02-STUDENTS |   studytime            int64      present=100.0%  missing=0
2026-07-11 14:26:09 | INFO | M02-STUDENTS |   failures             int64      present=100.0%  missing=0
2026-07-11 14:26:09 | INFO | M02-STUDENTS |   schoolsup            str        present=100.0%  missing=0
2026-07-11 14:26:09 | INFO | M02-STUDENTS |   famsup               str        present=100.0%  missing=0
2026-07-11 14:26:09 | INFO | M02-STUDENTS |   paid                 str        present=100.0%  missing=0
2026-07-11 14:26:09 | INFO | M02-STUDENTS |   activities           str        present=100.0%  missing=0
2026-07-11 14:26:09 | INFO | M02-STUDENTS |   nursery              str        present=100.0%  missing=0
2026-07-11 14:26:09 | INFO | M02-STUDENTS |   higher               str        present=100.0%  missing=0
2026-07-11 14:26:09 | INFO | M02-STUDENTS |   internet             str        present=100.0%  missing=0
2026-07-11 14:26:09 | INFO | M02-STUDENTS |   romantic             str        present=100.0%  missing=0
2026-07-11 14:26:09 | INFO | M02-STUDENTS |   famrel               int64      present=100.0%  missing=0
2026-07-11 14:26:09 | INFO | M02-STUDENTS |   freetime             int64      present=100.0%  missing=0
2026-07-11 14:26:09 | INFO | M02-STUDENTS |   goout                int64      present=100.0%  missing=0
2026-07-11 14:26:09 | INFO | M02-STUDENTS |   Dalc                 int64      present=100.0%  missing=0
2026-07-11 14:26:09 | INFO | M02-STUDENTS |   Walc                 int64      present=100.0%  missing=0
2026-07-11 14:26:09 | INFO | M02-STUDENTS |   health               int64      present=100.0%  missing=0
2026-07-11 14:26:09 | INFO | M02-STUDENTS |   absences             int64      present=100.0%  missing=0
2026-07-11 14:26:09 | INFO | M02-STUDENTS |   G1                   int64      present=100.0%  missing=0
2026-07-11 14:26:09 | INFO | M02-STUDENTS |   G2                   int64      present=100.0%  missing=0
2026-07-11 14:26:09 | INFO | M02-STUDENTS |   G3                   int64      present=100.0%  missing=0
2026-07-11 14:26:09 | INFO | M02-STUDENTS | Numeric summary (for spread / outliers):
2026-07-11 14:26:09 | DEBUG | M02-STUDENTS | 
              age        Medu        Fedu  traveltime   studytime    failures      famrel    freetime       goout  \
count  395.000000  395.000000  395.000000  395.000000  395.000000  395.000000  395.000000  395.000000  395.000000   
mean    16.696203    2.749367    2.521519    1.448101    2.035443    0.334177    3.944304    3.235443    3.108861   
std      1.276043    1.094735    1.088201    0.697505    0.839240    0.743651    0.896659    0.998862    1.113278   
min     15.000000    0.000000    0.000000    1.000000    1.000000    0.000000    1.000000    1.000000    1.000000   
25%     16.000000    2.000000    2.000000    1.000000    1.000000    0.000000    4.000000    3.000000    2.000000   
50%     17.000000    3.000000    2.000000    1.000000    2.000000    0.000000    4.000000    3.000000    3.000000   
75%     18.000000    4.000000    3.000000    2.000000    2.000000    0.000000    5.000000    4.000000    4.000000   
max     22.000000    4.000000    4.000000    4.000000    4.000000    3.000000    5.000000    5.000000    5.000000   

             Dalc        Walc      health    absences          G1          G2          G3  
count  395.000000  395.000000  395.000000  395.000000  395.000000  395.000000  395.000000  
mean     1.481013    2.291139    3.554430    5.708861   10.908861   10.713924   10.415190  
std      0.890741    1.287897    1.390303    8.003096    3.319195    3.761505    4.581443  
min      1.000000    1.000000    1.000000    0.000000    3.000000    0.000000    0.000000  
25%      1.000000    1.000000    3.000000    0.000000    8.000000    9.000000    8.000000  
50%      1.000000    2.000000    4.000000    4.000000   11.000000   11.000000   11.000000  
75%      2.000000    3.000000    5.000000    8.000000   13.000000   13.000000   14.000000  
max      5.000000    5.000000    5.000000   75.000000   19.000000   19.000000   20.000000  
2026-07-11 15:30:27 | INFO | M02-STUDENTS | The intended target is 'G3'.
2026-07-11 15:30:27 | INFO | M02-STUDENTS | Any feature derived FROM the target would leak the answer. Avoid those.
2026-07-11 15:30:27 | INFO | M02-STUDENTS | Per-column completeness and type:
2026-07-11 15:30:27 | INFO | M02-STUDENTS |   school               str        present=100.0%  missing=0
2026-07-11 15:30:27 | INFO | M02-STUDENTS |   sex                  str        present=100.0%  missing=0
2026-07-11 15:30:27 | INFO | M02-STUDENTS |   age                  int64      present=100.0%  missing=0
2026-07-11 15:30:27 | INFO | M02-STUDENTS |   address              str        present=100.0%  missing=0
2026-07-11 15:30:27 | INFO | M02-STUDENTS |   famsize              str        present=100.0%  missing=0
2026-07-11 15:30:27 | INFO | M02-STUDENTS |   Pstatus              str        present=100.0%  missing=0
2026-07-11 15:30:27 | INFO | M02-STUDENTS |   Medu                 int64      present=100.0%  missing=0
2026-07-11 15:30:27 | INFO | M02-STUDENTS |   Fedu                 int64      present=100.0%  missing=0
2026-07-11 15:30:27 | INFO | M02-STUDENTS |   Mjob                 str        present=100.0%  missing=0
2026-07-11 15:30:27 | INFO | M02-STUDENTS |   Fjob                 str        present=100.0%  missing=0
2026-07-11 15:30:27 | INFO | M02-STUDENTS |   reason               str        present=100.0%  missing=0
2026-07-11 15:30:27 | INFO | M02-STUDENTS |   guardian             str        present=100.0%  missing=0
2026-07-11 15:30:27 | INFO | M02-STUDENTS |   traveltime           int64      present=100.0%  missing=0
2026-07-11 15:30:27 | INFO | M02-STUDENTS |   studytime            int64      present=100.0%  missing=0
2026-07-11 15:30:27 | INFO | M02-STUDENTS |   failures             int64      present=100.0%  missing=0
2026-07-11 15:30:27 | INFO | M02-STUDENTS |   schoolsup            str        present=100.0%  missing=0
2026-07-11 15:30:27 | INFO | M02-STUDENTS |   famsup               str        present=100.0%  missing=0
2026-07-11 15:30:27 | INFO | M02-STUDENTS |   paid                 str        present=100.0%  missing=0
2026-07-11 15:30:27 | INFO | M02-STUDENTS |   activities           str        present=100.0%  missing=0
2026-07-11 15:30:27 | INFO | M02-STUDENTS |   nursery              str        present=100.0%  missing=0
2026-07-11 15:30:27 | INFO | M02-STUDENTS |   higher               str        present=100.0%  missing=0
2026-07-11 15:30:27 | INFO | M02-STUDENTS |   internet             str        present=100.0%  missing=0
2026-07-11 15:30:27 | INFO | M02-STUDENTS |   romantic             str        present=100.0%  missing=0
2026-07-11 15:30:27 | INFO | M02-STUDENTS |   famrel               int64      present=100.0%  missing=0
2026-07-11 15:30:27 | INFO | M02-STUDENTS |   freetime             int64      present=100.0%  missing=0
2026-07-11 15:30:27 | INFO | M02-STUDENTS |   goout                int64      present=100.0%  missing=0
2026-07-11 15:30:27 | INFO | M02-STUDENTS |   Dalc                 int64      present=100.0%  missing=0
2026-07-11 15:30:27 | INFO | M02-STUDENTS |   Walc                 int64      present=100.0%  missing=0
2026-07-11 15:30:27 | INFO | M02-STUDENTS |   health               int64      present=100.0%  missing=0
2026-07-11 15:30:27 | INFO | M02-STUDENTS |   absences             int64      present=100.0%  missing=0
2026-07-11 15:30:27 | INFO | M02-STUDENTS |   G1                   int64      present=100.0%  missing=0
2026-07-11 15:30:27 | INFO | M02-STUDENTS |   G2                   int64      present=100.0%  missing=0
2026-07-11 15:30:27 | INFO | M02-STUDENTS |   G3                   int64      present=100.0%  missing=0
2026-07-11 15:30:27 | INFO | M02-STUDENTS | Numeric summary (for spread / outliers):
2026-07-11 15:30:28 | DEBUG | M02-STUDENTS | 
              age        Medu        Fedu  traveltime   studytime    failures      famrel    freetime       goout  \
count  395.000000  395.000000  395.000000  395.000000  395.000000  395.000000  395.000000  395.000000  395.000000   
mean    16.696203    2.749367    2.521519    1.448101    2.035443    0.334177    3.944304    3.235443    3.108861   
std      1.276043    1.094735    1.088201    0.697505    0.839240    0.743651    0.896659    0.998862    1.113278   
min     15.000000    0.000000    0.000000    1.000000    1.000000    0.000000    1.000000    1.000000    1.000000   
25%     16.000000    2.000000    2.000000    1.000000    1.000000    0.000000    4.000000    3.000000    2.000000   
50%     17.000000    3.000000    2.000000    1.000000    2.000000    0.000000    4.000000    3.000000    3.000000   
75%     18.000000    4.000000    3.000000    2.000000    2.000000    0.000000    5.000000    4.000000    4.000000   
max     22.000000    4.000000    4.000000    4.000000    4.000000    3.000000    5.000000    5.000000    5.000000   

             Dalc        Walc      health    absences          G1          G2          G3  
count  395.000000  395.000000  395.000000  395.000000  395.000000  395.000000  395.000000  
mean     1.481013    2.291139    3.554430    5.708861   10.908861   10.713924   10.415190  
std      0.890741    1.287897    1.390303    8.003096    3.319195    3.761505    4.581443  
min      1.000000    1.000000    1.000000    0.000000    3.000000    0.000000    0.000000  
25%      1.000000    1.000000    3.000000    0.000000    8.000000    9.000000    8.000000  
50%      1.000000    2.000000    4.000000    4.000000   11.000000   11.000000   11.000000  
75%      2.000000    3.000000    5.000000    8.000000   13.000000   13.000000   14.000000  
max      5.000000    5.000000    5.000000   75.000000   19.000000   19.000000   20.000000  
2026-07-11 15:30:28 | INFO | M02-STUDENTS | absences: max=75, median=4.0
2026-07-11 15:30:28 | INFO | M02-STUDENTS | absences over 20: 15 students
2026-07-11 15:30:28 | INFO | M02-STUDENTS | G3 equal to zero: 38 students
2026-07-11 15:43:08 | INFO | M02-STUDENTS | The intended target is 'G3'.
2026-07-11 15:43:08 | INFO | M02-STUDENTS | Any feature derived FROM the target would leak the answer. Avoid those.
2026-07-11 15:43:08 | INFO | M02-STUDENTS | Per-column completeness and type:
2026-07-11 15:43:08 | INFO | M02-STUDENTS |   school               str        present=100.0%  missing=0
2026-07-11 15:43:08 | INFO | M02-STUDENTS |   sex                  str        present=100.0%  missing=0
2026-07-11 15:43:08 | INFO | M02-STUDENTS |   age                  int64      present=100.0%  missing=0
2026-07-11 15:43:08 | INFO | M02-STUDENTS |   address              str        present=100.0%  missing=0
2026-07-11 15:43:08 | INFO | M02-STUDENTS |   famsize              str        present=100.0%  missing=0
2026-07-11 15:43:08 | INFO | M02-STUDENTS |   Pstatus              str        present=100.0%  missing=0
2026-07-11 15:43:08 | INFO | M02-STUDENTS |   Medu                 int64      present=100.0%  missing=0
2026-07-11 15:43:08 | INFO | M02-STUDENTS |   Fedu                 int64      present=100.0%  missing=0
2026-07-11 15:43:08 | INFO | M02-STUDENTS |   Mjob                 str        present=100.0%  missing=0
2026-07-11 15:43:08 | INFO | M02-STUDENTS |   Fjob                 str        present=100.0%  missing=0
2026-07-11 15:43:08 | INFO | M02-STUDENTS |   reason               str        present=100.0%  missing=0
2026-07-11 15:43:08 | INFO | M02-STUDENTS |   guardian             str        present=100.0%  missing=0
2026-07-11 15:43:08 | INFO | M02-STUDENTS |   traveltime           int64      present=100.0%  missing=0
2026-07-11 15:43:08 | INFO | M02-STUDENTS |   studytime            int64      present=100.0%  missing=0
2026-07-11 15:43:08 | INFO | M02-STUDENTS |   failures             int64      present=100.0%  missing=0
2026-07-11 15:43:08 | INFO | M02-STUDENTS |   schoolsup            str        present=100.0%  missing=0
2026-07-11 15:43:08 | INFO | M02-STUDENTS |   famsup               str        present=100.0%  missing=0
2026-07-11 15:43:08 | INFO | M02-STUDENTS |   paid                 str        present=100.0%  missing=0
2026-07-11 15:43:08 | INFO | M02-STUDENTS |   activities           str        present=100.0%  missing=0
2026-07-11 15:43:08 | INFO | M02-STUDENTS |   nursery              str        present=100.0%  missing=0
2026-07-11 15:43:08 | INFO | M02-STUDENTS |   higher               str        present=100.0%  missing=0
2026-07-11 15:43:08 | INFO | M02-STUDENTS |   internet             str        present=100.0%  missing=0
2026-07-11 15:43:08 | INFO | M02-STUDENTS |   romantic             str        present=100.0%  missing=0
2026-07-11 15:43:08 | INFO | M02-STUDENTS |   famrel               int64      present=100.0%  missing=0
2026-07-11 15:43:08 | INFO | M02-STUDENTS |   freetime             int64      present=100.0%  missing=0
2026-07-11 15:43:08 | INFO | M02-STUDENTS |   goout                int64      present=100.0%  missing=0
2026-07-11 15:43:08 | INFO | M02-STUDENTS |   Dalc                 int64      present=100.0%  missing=0
2026-07-11 15:43:08 | INFO | M02-STUDENTS |   Walc                 int64      present=100.0%  missing=0
2026-07-11 15:43:08 | INFO | M02-STUDENTS |   health               int64      present=100.0%  missing=0
2026-07-11 15:43:08 | INFO | M02-STUDENTS |   absences             int64      present=100.0%  missing=0
2026-07-11 15:43:08 | INFO | M02-STUDENTS |   G1                   int64      present=100.0%  missing=0
2026-07-11 15:43:08 | INFO | M02-STUDENTS |   G2                   int64      present=100.0%  missing=0
2026-07-11 15:43:08 | INFO | M02-STUDENTS |   G3                   int64      present=100.0%  missing=0
2026-07-11 15:43:08 | INFO | M02-STUDENTS | Numeric summary (for spread / outliers):
2026-07-11 15:43:08 | DEBUG | M02-STUDENTS | 
              age        Medu        Fedu  traveltime   studytime    failures      famrel    freetime       goout  \
count  395.000000  395.000000  395.000000  395.000000  395.000000  395.000000  395.000000  395.000000  395.000000   
mean    16.696203    2.749367    2.521519    1.448101    2.035443    0.334177    3.944304    3.235443    3.108861   
std      1.276043    1.094735    1.088201    0.697505    0.839240    0.743651    0.896659    0.998862    1.113278   
min     15.000000    0.000000    0.000000    1.000000    1.000000    0.000000    1.000000    1.000000    1.000000   
25%     16.000000    2.000000    2.000000    1.000000    1.000000    0.000000    4.000000    3.000000    2.000000   
50%     17.000000    3.000000    2.000000    1.000000    2.000000    0.000000    4.000000    3.000000    3.000000   
75%     18.000000    4.000000    3.000000    2.000000    2.000000    0.000000    5.000000    4.000000    4.000000   
max     22.000000    4.000000    4.000000    4.000000    4.000000    3.000000    5.000000    5.000000    5.000000   

             Dalc        Walc      health    absences          G1          G2          G3  
count  395.000000  395.000000  395.000000  395.000000  395.000000  395.000000  395.000000  
mean     1.481013    2.291139    3.554430    5.708861   10.908861   10.713924   10.415190  
std      0.890741    1.287897    1.390303    8.003096    3.319195    3.761505    4.581443  
min      1.000000    1.000000    1.000000    0.000000    3.000000    0.000000    0.000000  
25%      1.000000    1.000000    3.000000    0.000000    8.000000    9.000000    8.000000  
50%      1.000000    2.000000    4.000000    4.000000   11.000000   11.000000   11.000000  
75%      2.000000    3.000000    5.000000    8.000000   13.000000   13.000000   14.000000  
max      5.000000    5.000000    5.000000   75.000000   19.000000   19.000000   20.000000  
2026-07-11 15:43:08 | INFO | M02-STUDENTS | absences: max=75, median=4.0
2026-07-11 15:43:08 | INFO | M02-STUDENTS | absences over 20: 15 students
2026-07-11 15:43:08 | INFO | M02-STUDENTS | G3 equal to zero: 38 students
2026-07-11 15:43:08 | INFO | M02-STUDENTS | Q1=0.0, Q3=8.0, IQR=8.0, upper fence=20.0
2026-07-11 15:43:08 | INFO | M02-STUDENTS | absences above the fence: 15 students
2026-07-11 16:00:21 | INFO | M02-STUDENTS | Constructing features (vectorized, none are derived from the target)
2026-07-11 16:00:21 | INFO | M02-STUDENTS | Added features: ['parent_at_home', 'absence_level']
2026-07-11 16:00:21 | DEBUG | M02-STUDENTS | Sample of constructed features:
2026-07-11 16:00:21 | DEBUG | M02-STUDENTS | 
      Mjob      Fjob  absences  parent_at_home absence_level
0  at_home   teacher         6               1      moderate
1  at_home     other         4               1      moderate
2  at_home     other        10               1          high
3   health  services         2               0           low
4    other     other         4               0      moderate
2026-07-11 16:05:26 | INFO | M02-STUDENTS | ========================
2026-07-11 16:05:26 | INFO | M02-STUDENTS | SUMMARY
2026-07-11 16:05:26 | INFO | M02-STUDENTS | ========================
2026-07-11 16:05:26 | INFO | M02-STUDENTS | Dataset:          student-mat
2026-07-11 16:05:26 | INFO | M02-STUDENTS | Original columns: 33
2026-07-11 16:05:26 | INFO | M02-STUDENTS | After features:   35
2026-07-11 16:05:26 | INFO | M02-STUDENTS | Intended target:  G3
2026-07-11 16:05:26 | INFO | M02-STUDENTS | ========================
2026-07-11 16:21:01 | INFO | M02-STUDENTS | === RUN START ===
2026-07-11 16:21:01 | INFO | M02-STUDENTS | project=M02
2026-07-11 16:21:01 | INFO | M02-STUDENTS | repo_dir=ml-02-features
2026-07-11 16:21:01 | INFO | M02-STUDENTS | python=3.14.2
2026-07-11 16:21:01 | INFO | M02-STUDENTS | os=Windows 11
2026-07-11 16:21:01 | INFO | M02-STUDENTS | shell=powershell
2026-07-11 16:21:01 | INFO | M02-STUDENTS | cwd=notebooks
2026-07-11 16:21:01 | INFO | M02-STUDENTS | github_actions=False
2026-07-11 16:21:01 | INFO | M02-STUDENTS | Confirming installation:
2026-07-11 16:21:01 | INFO | M02-STUDENTS |   python:       3.14.2
2026-07-11 16:21:01 | INFO | M02-STUDENTS |   pandas:       3.0.3
2026-07-11 16:21:01 | INFO | M02-STUDENTS |   numpy:        2.5.1
2026-07-11 16:21:01 | INFO | M02-STUDENTS |   scikit-learn: 1.9.0
2026-07-11 16:21:01 | INFO | M02-STUDENTS |   seaborn:      0.13.2
2026-07-11 16:21:01 | INFO | M02-STUDENTS |   matplotlib:   3.11.0
2026-07-11 16:21:01 | INFO | M02-STUDENTS | Loading dataset: student-mat
2026-07-11 16:21:01 | INFO | M02-STUDENTS | Loaded: 395 rows (instances), 33 columns
2026-07-11 16:21:01 | INFO | M02-STUDENTS | The intended target is 'G3'.
2026-07-11 16:21:01 | INFO | M02-STUDENTS | Any feature derived FROM the target would leak the answer. Avoid those.
2026-07-11 16:21:01 | INFO | M02-STUDENTS | Per-column completeness and type:
2026-07-11 16:21:01 | INFO | M02-STUDENTS |   school               str        present=100.0%  missing=0
2026-07-11 16:21:01 | INFO | M02-STUDENTS |   sex                  str        present=100.0%  missing=0
2026-07-11 16:21:01 | INFO | M02-STUDENTS |   age                  int64      present=100.0%  missing=0
2026-07-11 16:21:01 | INFO | M02-STUDENTS |   address              str        present=100.0%  missing=0
2026-07-11 16:21:01 | INFO | M02-STUDENTS |   famsize              str        present=100.0%  missing=0
2026-07-11 16:21:01 | INFO | M02-STUDENTS |   Pstatus              str        present=100.0%  missing=0
2026-07-11 16:21:01 | INFO | M02-STUDENTS |   Medu                 int64      present=100.0%  missing=0
2026-07-11 16:21:01 | INFO | M02-STUDENTS |   Fedu                 int64      present=100.0%  missing=0
2026-07-11 16:21:01 | INFO | M02-STUDENTS |   Mjob                 str        present=100.0%  missing=0
2026-07-11 16:21:01 | INFO | M02-STUDENTS |   Fjob                 str        present=100.0%  missing=0
2026-07-11 16:21:01 | INFO | M02-STUDENTS |   reason               str        present=100.0%  missing=0
2026-07-11 16:21:01 | INFO | M02-STUDENTS |   guardian             str        present=100.0%  missing=0
2026-07-11 16:21:01 | INFO | M02-STUDENTS |   traveltime           int64      present=100.0%  missing=0
2026-07-11 16:21:01 | INFO | M02-STUDENTS |   studytime            int64      present=100.0%  missing=0
2026-07-11 16:21:01 | INFO | M02-STUDENTS |   failures             int64      present=100.0%  missing=0
2026-07-11 16:21:01 | INFO | M02-STUDENTS |   schoolsup            str        present=100.0%  missing=0
2026-07-11 16:21:01 | INFO | M02-STUDENTS |   famsup               str        present=100.0%  missing=0
2026-07-11 16:21:01 | INFO | M02-STUDENTS |   paid                 str        present=100.0%  missing=0
2026-07-11 16:21:01 | INFO | M02-STUDENTS |   activities           str        present=100.0%  missing=0
2026-07-11 16:21:01 | INFO | M02-STUDENTS |   nursery              str        present=100.0%  missing=0
2026-07-11 16:21:01 | INFO | M02-STUDENTS |   higher               str        present=100.0%  missing=0
2026-07-11 16:21:01 | INFO | M02-STUDENTS |   internet             str        present=100.0%  missing=0
2026-07-11 16:21:01 | INFO | M02-STUDENTS |   romantic             str        present=100.0%  missing=0
2026-07-11 16:21:01 | INFO | M02-STUDENTS |   famrel               int64      present=100.0%  missing=0
2026-07-11 16:21:01 | INFO | M02-STUDENTS |   freetime             int64      present=100.0%  missing=0
2026-07-11 16:21:01 | INFO | M02-STUDENTS |   goout                int64      present=100.0%  missing=0
2026-07-11 16:21:01 | INFO | M02-STUDENTS |   Dalc                 int64      present=100.0%  missing=0
2026-07-11 16:21:01 | INFO | M02-STUDENTS |   Walc                 int64      present=100.0%  missing=0
2026-07-11 16:21:01 | INFO | M02-STUDENTS |   health               int64      present=100.0%  missing=0
2026-07-11 16:21:01 | INFO | M02-STUDENTS |   absences             int64      present=100.0%  missing=0
2026-07-11 16:21:01 | INFO | M02-STUDENTS |   G1                   int64      present=100.0%  missing=0
2026-07-11 16:21:01 | INFO | M02-STUDENTS |   G2                   int64      present=100.0%  missing=0
2026-07-11 16:21:01 | INFO | M02-STUDENTS |   G3                   int64      present=100.0%  missing=0
2026-07-11 16:21:01 | INFO | M02-STUDENTS | Numeric summary (for spread / outliers):
2026-07-11 16:21:01 | DEBUG | M02-STUDENTS | 
              age        Medu        Fedu  traveltime   studytime    failures      famrel    freetime       goout  \
count  395.000000  395.000000  395.000000  395.000000  395.000000  395.000000  395.000000  395.000000  395.000000   
mean    16.696203    2.749367    2.521519    1.448101    2.035443    0.334177    3.944304    3.235443    3.108861   
std      1.276043    1.094735    1.088201    0.697505    0.839240    0.743651    0.896659    0.998862    1.113278   
min     15.000000    0.000000    0.000000    1.000000    1.000000    0.000000    1.000000    1.000000    1.000000   
25%     16.000000    2.000000    2.000000    1.000000    1.000000    0.000000    4.000000    3.000000    2.000000   
50%     17.000000    3.000000    2.000000    1.000000    2.000000    0.000000    4.000000    3.000000    3.000000   
75%     18.000000    4.000000    3.000000    2.000000    2.000000    0.000000    5.000000    4.000000    4.000000   
max     22.000000    4.000000    4.000000    4.000000    4.000000    3.000000    5.000000    5.000000    5.000000   

             Dalc        Walc      health    absences          G1          G2          G3  
count  395.000000  395.000000  395.000000  395.000000  395.000000  395.000000  395.000000  
mean     1.481013    2.291139    3.554430    5.708861   10.908861   10.713924   10.415190  
std      0.890741    1.287897    1.390303    8.003096    3.319195    3.761505    4.581443  
min      1.000000    1.000000    1.000000    0.000000    3.000000    0.000000    0.000000  
25%      1.000000    1.000000    3.000000    0.000000    8.000000    9.000000    8.000000  
50%      1.000000    2.000000    4.000000    4.000000   11.000000   11.000000   11.000000  
75%      2.000000    3.000000    5.000000    8.000000   13.000000   13.000000   14.000000  
max      5.000000    5.000000    5.000000   75.000000   19.000000   19.000000   20.000000  
2026-07-11 16:21:01 | INFO | M02-STUDENTS | absences: max=75, median=4.0
2026-07-11 16:21:01 | INFO | M02-STUDENTS | absences over 20: 15 students
2026-07-11 16:21:01 | INFO | M02-STUDENTS | G3 equal to zero: 38 students
2026-07-11 16:21:01 | INFO | M02-STUDENTS | Q1=0.0, Q3=8.0, IQR=8.0, upper fence=20.0
2026-07-11 16:21:01 | INFO | M02-STUDENTS | absences above the fence: 15 students
2026-07-11 16:21:01 | INFO | M02-STUDENTS | Constructing features (vectorized, none are derived from the target)
2026-07-11 16:21:01 | INFO | M02-STUDENTS | Added features: ['parent_at_home', 'absence_level']
2026-07-11 16:21:01 | DEBUG | M02-STUDENTS | Sample of constructed features:
2026-07-11 16:21:01 | DEBUG | M02-STUDENTS | 
      Mjob      Fjob  absences  parent_at_home absence_level
0  at_home   teacher         6               1      moderate
1  at_home     other         4               1      moderate
2  at_home     other        10               1          high
3   health  services         2               0           low
4    other     other         4               0      moderate
2026-07-11 16:21:01 | INFO | M02-STUDENTS | ========================
2026-07-11 16:21:01 | INFO | M02-STUDENTS | SUMMARY
2026-07-11 16:21:01 | INFO | M02-STUDENTS | ========================
2026-07-11 16:21:01 | INFO | M02-STUDENTS | Dataset:          student-mat
2026-07-11 16:21:01 | INFO | M02-STUDENTS | Original columns: 33
2026-07-11 16:21:01 | INFO | M02-STUDENTS | After features:   35
2026-07-11 16:21:01 | INFO | M02-STUDENTS | Intended target:  G3
2026-07-11 16:21:01 | INFO | M02-STUDENTS | ========================
2026-07-11 16:24:34 | INFO | ML | === RUN START ===
2026-07-11 16:24:34 | INFO | ML | project=ML
2026-07-11 16:24:34 | INFO | ML | repo_dir=ml-02-features
2026-07-11 16:24:34 | INFO | ML | python=3.14.2
2026-07-11 16:24:34 | INFO | ML | os=Windows 11
2026-07-11 16:24:34 | INFO | ML | shell=powershell
2026-07-11 16:24:34 | INFO | ML | cwd=.
2026-07-11 16:24:34 | INFO | ML | github_actions=False
2026-07-11 16:57:55 | INFO | M02-STUDENTS | Constructing features (vectorized, none are derived from the target)
2026-07-11 16:57:55 | INFO | M02-STUDENTS | Dropped features: ['G1', 'G2']
2026-07-11 16:57:55 | INFO | M02-STUDENTS | Added features: ['parent_at_home', 'absence_level']
2026-07-11 16:57:55 | DEBUG | M02-STUDENTS | Sample of constructed features:
2026-07-11 16:57:55 | DEBUG | M02-STUDENTS | 
      Mjob      Fjob  absences  parent_at_home absence_level
0  at_home   teacher         6               1      moderate
1  at_home     other         4               1      moderate
2  at_home     other        10               1          high
3   health  services         2               0           low
4    other     other         4               0      moderate
2026-07-11 16:58:52 | INFO | M02-STUDENTS | ========================
2026-07-11 16:58:52 | INFO | M02-STUDENTS | SUMMARY
2026-07-11 16:58:52 | INFO | M02-STUDENTS | ========================
2026-07-11 16:58:52 | INFO | M02-STUDENTS | Dataset:          student-mat
2026-07-11 16:58:52 | INFO | M02-STUDENTS | Original columns: 33
2026-07-11 16:58:52 | INFO | M02-STUDENTS | Columns removed:  2 ['G1', 'G2']
2026-07-11 16:58:52 | INFO | M02-STUDENTS | Columns added:    2 ['parent_at_home', 'absence_level']
2026-07-11 16:58:52 | INFO | M02-STUDENTS | After features:   33
2026-07-11 16:58:52 | INFO | M02-STUDENTS | Intended target:  G3
2026-07-11 16:58:52 | INFO | M02-STUDENTS | ========================
2026-07-11 17:05:40 | INFO | M02-STUDENTS | The intended target is 'G3'.
2026-07-11 17:05:40 | INFO | M02-STUDENTS | Any feature derived FROM the target would leak the answer. Avoid those.
2026-07-11 17:05:40 | INFO | M02-STUDENTS | Per-column completeness and type:
2026-07-11 17:05:40 | INFO | M02-STUDENTS |   school               str        present=100.0%  missing=0
2026-07-11 17:05:40 | INFO | M02-STUDENTS |   sex                  str        present=100.0%  missing=0
2026-07-11 17:05:40 | INFO | M02-STUDENTS |   age                  int64      present=100.0%  missing=0
2026-07-11 17:05:40 | INFO | M02-STUDENTS |   address              str        present=100.0%  missing=0
2026-07-11 17:05:40 | INFO | M02-STUDENTS |   famsize              str        present=100.0%  missing=0
2026-07-11 17:05:40 | INFO | M02-STUDENTS |   Pstatus              str        present=100.0%  missing=0
2026-07-11 17:05:40 | INFO | M02-STUDENTS |   Medu                 int64      present=100.0%  missing=0
2026-07-11 17:05:40 | INFO | M02-STUDENTS |   Fedu                 int64      present=100.0%  missing=0
2026-07-11 17:05:40 | INFO | M02-STUDENTS |   Mjob                 str        present=100.0%  missing=0
2026-07-11 17:05:40 | INFO | M02-STUDENTS |   Fjob                 str        present=100.0%  missing=0
2026-07-11 17:05:40 | INFO | M02-STUDENTS |   reason               str        present=100.0%  missing=0
2026-07-11 17:05:40 | INFO | M02-STUDENTS |   guardian             str        present=100.0%  missing=0
2026-07-11 17:05:40 | INFO | M02-STUDENTS |   traveltime           int64      present=100.0%  missing=0
2026-07-11 17:05:40 | INFO | M02-STUDENTS |   studytime            int64      present=100.0%  missing=0
2026-07-11 17:05:40 | INFO | M02-STUDENTS |   failures             int64      present=100.0%  missing=0
2026-07-11 17:05:40 | INFO | M02-STUDENTS |   schoolsup            str        present=100.0%  missing=0
2026-07-11 17:05:40 | INFO | M02-STUDENTS |   famsup               str        present=100.0%  missing=0
2026-07-11 17:05:40 | INFO | M02-STUDENTS |   paid                 str        present=100.0%  missing=0
2026-07-11 17:05:40 | INFO | M02-STUDENTS |   activities           str        present=100.0%  missing=0
2026-07-11 17:05:40 | INFO | M02-STUDENTS |   nursery              str        present=100.0%  missing=0
2026-07-11 17:05:40 | INFO | M02-STUDENTS |   higher               str        present=100.0%  missing=0
2026-07-11 17:05:40 | INFO | M02-STUDENTS |   internet             str        present=100.0%  missing=0
2026-07-11 17:05:40 | INFO | M02-STUDENTS |   romantic             str        present=100.0%  missing=0
2026-07-11 17:05:40 | INFO | M02-STUDENTS |   famrel               int64      present=100.0%  missing=0
2026-07-11 17:05:40 | INFO | M02-STUDENTS |   freetime             int64      present=100.0%  missing=0
2026-07-11 17:05:40 | INFO | M02-STUDENTS |   goout                int64      present=100.0%  missing=0
2026-07-11 17:05:40 | INFO | M02-STUDENTS |   Dalc                 int64      present=100.0%  missing=0
2026-07-11 17:05:40 | INFO | M02-STUDENTS |   Walc                 int64      present=100.0%  missing=0
2026-07-11 17:05:40 | INFO | M02-STUDENTS |   health               int64      present=100.0%  missing=0
2026-07-11 17:05:40 | INFO | M02-STUDENTS |   absences             int64      present=100.0%  missing=0
2026-07-11 17:05:40 | INFO | M02-STUDENTS |   G1                   int64      present=100.0%  missing=0
2026-07-11 17:05:40 | INFO | M02-STUDENTS |   G2                   int64      present=100.0%  missing=0
2026-07-11 17:05:40 | INFO | M02-STUDENTS |   G3                   int64      present=100.0%  missing=0
2026-07-11 17:05:40 | INFO | M02-STUDENTS | Numeric summary (for spread / outliers):
2026-07-11 17:05:40 | DEBUG | M02-STUDENTS | 
              age        Medu        Fedu  traveltime   studytime    failures      famrel    freetime       goout  \
count  395.000000  395.000000  395.000000  395.000000  395.000000  395.000000  395.000000  395.000000  395.000000   
mean    16.696203    2.749367    2.521519    1.448101    2.035443    0.334177    3.944304    3.235443    3.108861   
std      1.276043    1.094735    1.088201    0.697505    0.839240    0.743651    0.896659    0.998862    1.113278   
min     15.000000    0.000000    0.000000    1.000000    1.000000    0.000000    1.000000    1.000000    1.000000   
25%     16.000000    2.000000    2.000000    1.000000    1.000000    0.000000    4.000000    3.000000    2.000000   
50%     17.000000    3.000000    2.000000    1.000000    2.000000    0.000000    4.000000    3.000000    3.000000   
75%     18.000000    4.000000    3.000000    2.000000    2.000000    0.000000    5.000000    4.000000    4.000000   
max     22.000000    4.000000    4.000000    4.000000    4.000000    3.000000    5.000000    5.000000    5.000000   

             Dalc        Walc      health    absences          G1          G2          G3  
count  395.000000  395.000000  395.000000  395.000000  395.000000  395.000000  395.000000  
mean     1.481013    2.291139    3.554430    5.708861   10.908861   10.713924   10.415190  
std      0.890741    1.287897    1.390303    8.003096    3.319195    3.761505    4.581443  
min      1.000000    1.000000    1.000000    0.000000    3.000000    0.000000    0.000000  
25%      1.000000    1.000000    3.000000    0.000000    8.000000    9.000000    8.000000  
50%      1.000000    2.000000    4.000000    4.000000   11.000000   11.000000   11.000000  
75%      2.000000    3.000000    5.000000    8.000000   13.000000   13.000000   14.000000  
max      5.000000    5.000000    5.000000   75.000000   19.000000   19.000000   20.000000  
2026-07-11 17:06:54 | INFO | M02-STUDENTS | absences: max=75, median=4.0
2026-07-11 17:06:54 | INFO | M02-STUDENTS | absences over 20: 15 students
2026-07-11 17:06:54 | INFO | M02-STUDENTS | G3 equal to zero: 38 students
2026-07-11 17:07:52 | INFO | M02-STUDENTS | Q1=0.0, Q3=8.0, IQR=8.0, upper fence=20.0
2026-07-11 17:07:52 | INFO | M02-STUDENTS | absences above the fence: 15 students
2026-07-11 17:10:07 | INFO | M02-STUDENTS | Q1=0.0, median=4.0, Q3=8.0, IQR=8.0, upper fence=20.0
2026-07-11 17:10:07 | INFO | M02-STUDENTS | absences above the fence: 15 students
2026-07-11 17:13:43 | INFO | M02-STUDENTS | Constructing features (vectorized, none are derived from the target)
2026-07-11 17:13:43 | INFO | M02-STUDENTS | Dropped features: ['G1', 'G2']
2026-07-11 17:13:43 | INFO | M02-STUDENTS | Added features: ['parent_at_home', 'absence_level']
2026-07-11 17:13:43 | DEBUG | M02-STUDENTS | Sample of constructed features:
2026-07-11 17:13:43 | DEBUG | M02-STUDENTS | 
      Mjob      Fjob  absences  parent_at_home absence_level
0  at_home   teacher         6               1      moderate
1  at_home     other         4               1      moderate
2  at_home     other        10               1          high
3   health  services         2               0           low
4    other     other         4               0      moderate
2026-07-11 17:16:31 | INFO | M02-STUDENTS | === RUN START ===
2026-07-11 17:16:31 | INFO | M02-STUDENTS | project=M02
2026-07-11 17:16:31 | INFO | M02-STUDENTS | repo_dir=ml-02-features
2026-07-11 17:16:31 | INFO | M02-STUDENTS | python=3.14.2
2026-07-11 17:16:31 | INFO | M02-STUDENTS | os=Windows 11
2026-07-11 17:16:31 | INFO | M02-STUDENTS | shell=powershell
2026-07-11 17:16:31 | INFO | M02-STUDENTS | cwd=notebooks
2026-07-11 17:16:31 | INFO | M02-STUDENTS | github_actions=False
2026-07-11 17:16:31 | INFO | M02-STUDENTS | Confirming installation:
2026-07-11 17:16:31 | INFO | M02-STUDENTS |   python:       3.14.2
2026-07-11 17:16:31 | INFO | M02-STUDENTS |   pandas:       3.0.3
2026-07-11 17:16:31 | INFO | M02-STUDENTS |   numpy:        2.5.1
2026-07-11 17:16:31 | INFO | M02-STUDENTS |   scikit-learn: 1.9.0
2026-07-11 17:16:31 | INFO | M02-STUDENTS |   seaborn:      0.13.2
2026-07-11 17:16:31 | INFO | M02-STUDENTS |   matplotlib:   3.11.0
2026-07-11 17:16:31 | INFO | M02-STUDENTS | Loading dataset: student-mat
2026-07-11 17:16:31 | INFO | M02-STUDENTS | Loaded: 395 rows (instances), 33 columns
2026-07-11 17:16:31 | INFO | M02-STUDENTS | The intended target is 'G3'.
2026-07-11 17:16:31 | INFO | M02-STUDENTS | Any feature derived FROM the target would leak the answer. Avoid those.
2026-07-11 17:16:31 | INFO | M02-STUDENTS | Per-column completeness and type:
2026-07-11 17:16:31 | INFO | M02-STUDENTS |   school               str        present=100.0%  missing=0
2026-07-11 17:16:31 | INFO | M02-STUDENTS |   sex                  str        present=100.0%  missing=0
2026-07-11 17:16:31 | INFO | M02-STUDENTS |   age                  int64      present=100.0%  missing=0
2026-07-11 17:16:31 | INFO | M02-STUDENTS |   address              str        present=100.0%  missing=0
2026-07-11 17:16:31 | INFO | M02-STUDENTS |   famsize              str        present=100.0%  missing=0
2026-07-11 17:16:31 | INFO | M02-STUDENTS |   Pstatus              str        present=100.0%  missing=0
2026-07-11 17:16:31 | INFO | M02-STUDENTS |   Medu                 int64      present=100.0%  missing=0
2026-07-11 17:16:31 | INFO | M02-STUDENTS |   Fedu                 int64      present=100.0%  missing=0
2026-07-11 17:16:31 | INFO | M02-STUDENTS |   Mjob                 str        present=100.0%  missing=0
2026-07-11 17:16:31 | INFO | M02-STUDENTS |   Fjob                 str        present=100.0%  missing=0
2026-07-11 17:16:31 | INFO | M02-STUDENTS |   reason               str        present=100.0%  missing=0
2026-07-11 17:16:31 | INFO | M02-STUDENTS |   guardian             str        present=100.0%  missing=0
2026-07-11 17:16:31 | INFO | M02-STUDENTS |   traveltime           int64      present=100.0%  missing=0
2026-07-11 17:16:31 | INFO | M02-STUDENTS |   studytime            int64      present=100.0%  missing=0
2026-07-11 17:16:31 | INFO | M02-STUDENTS |   failures             int64      present=100.0%  missing=0
2026-07-11 17:16:31 | INFO | M02-STUDENTS |   schoolsup            str        present=100.0%  missing=0
2026-07-11 17:16:31 | INFO | M02-STUDENTS |   famsup               str        present=100.0%  missing=0
2026-07-11 17:16:31 | INFO | M02-STUDENTS |   paid                 str        present=100.0%  missing=0
2026-07-11 17:16:31 | INFO | M02-STUDENTS |   activities           str        present=100.0%  missing=0
2026-07-11 17:16:31 | INFO | M02-STUDENTS |   nursery              str        present=100.0%  missing=0
2026-07-11 17:16:31 | INFO | M02-STUDENTS |   higher               str        present=100.0%  missing=0
2026-07-11 17:16:31 | INFO | M02-STUDENTS |   internet             str        present=100.0%  missing=0
2026-07-11 17:16:31 | INFO | M02-STUDENTS |   romantic             str        present=100.0%  missing=0
2026-07-11 17:16:31 | INFO | M02-STUDENTS |   famrel               int64      present=100.0%  missing=0
2026-07-11 17:16:31 | INFO | M02-STUDENTS |   freetime             int64      present=100.0%  missing=0
2026-07-11 17:16:31 | INFO | M02-STUDENTS |   goout                int64      present=100.0%  missing=0
2026-07-11 17:16:31 | INFO | M02-STUDENTS |   Dalc                 int64      present=100.0%  missing=0
2026-07-11 17:16:31 | INFO | M02-STUDENTS |   Walc                 int64      present=100.0%  missing=0
2026-07-11 17:16:31 | INFO | M02-STUDENTS |   health               int64      present=100.0%  missing=0
2026-07-11 17:16:31 | INFO | M02-STUDENTS |   absences             int64      present=100.0%  missing=0
2026-07-11 17:16:31 | INFO | M02-STUDENTS |   G1                   int64      present=100.0%  missing=0
2026-07-11 17:16:31 | INFO | M02-STUDENTS |   G2                   int64      present=100.0%  missing=0
2026-07-11 17:16:31 | INFO | M02-STUDENTS |   G3                   int64      present=100.0%  missing=0
2026-07-11 17:16:31 | INFO | M02-STUDENTS | Numeric summary (for spread / outliers):
2026-07-11 17:16:31 | DEBUG | M02-STUDENTS | 
              age        Medu        Fedu  traveltime   studytime    failures      famrel    freetime       goout  \
count  395.000000  395.000000  395.000000  395.000000  395.000000  395.000000  395.000000  395.000000  395.000000   
mean    16.696203    2.749367    2.521519    1.448101    2.035443    0.334177    3.944304    3.235443    3.108861   
std      1.276043    1.094735    1.088201    0.697505    0.839240    0.743651    0.896659    0.998862    1.113278   
min     15.000000    0.000000    0.000000    1.000000    1.000000    0.000000    1.000000    1.000000    1.000000   
25%     16.000000    2.000000    2.000000    1.000000    1.000000    0.000000    4.000000    3.000000    2.000000   
50%     17.000000    3.000000    2.000000    1.000000    2.000000    0.000000    4.000000    3.000000    3.000000   
75%     18.000000    4.000000    3.000000    2.000000    2.000000    0.000000    5.000000    4.000000    4.000000   
max     22.000000    4.000000    4.000000    4.000000    4.000000    3.000000    5.000000    5.000000    5.000000   

             Dalc        Walc      health    absences          G1          G2          G3  
count  395.000000  395.000000  395.000000  395.000000  395.000000  395.000000  395.000000  
mean     1.481013    2.291139    3.554430    5.708861   10.908861   10.713924   10.415190  
std      0.890741    1.287897    1.390303    8.003096    3.319195    3.761505    4.581443  
min      1.000000    1.000000    1.000000    0.000000    3.000000    0.000000    0.000000  
25%      1.000000    1.000000    3.000000    0.000000    8.000000    9.000000    8.000000  
50%      1.000000    2.000000    4.000000    4.000000   11.000000   11.000000   11.000000  
75%      2.000000    3.000000    5.000000    8.000000   13.000000   13.000000   14.000000  
max      5.000000    5.000000    5.000000   75.000000   19.000000   19.000000   20.000000  
2026-07-11 17:16:32 | INFO | M02-STUDENTS | absences: max=75, median=4.0
2026-07-11 17:16:32 | INFO | M02-STUDENTS | absences over 20: 15 students
2026-07-11 17:16:32 | INFO | M02-STUDENTS | G3 equal to zero: 38 students
2026-07-11 17:16:32 | INFO | M02-STUDENTS | Q1=0.0, median=4.0, Q3=8.0, IQR=8.0, upper fence=20.0
2026-07-11 17:16:32 | INFO | M02-STUDENTS | absences above the fence: 15 students
2026-07-11 17:16:32 | INFO | M02-STUDENTS | Constructing features (vectorized, none are derived from the target)
2026-07-11 17:16:32 | INFO | M02-STUDENTS | Dropped features: ['G1', 'G2']
2026-07-11 17:16:32 | INFO | M02-STUDENTS | Added features: ['parent_at_home', 'absence_level']
2026-07-11 17:16:32 | DEBUG | M02-STUDENTS | Sample of constructed features:
2026-07-11 17:16:32 | DEBUG | M02-STUDENTS | 
      Mjob      Fjob  absences  parent_at_home absence_level
0  at_home   teacher         6               1      moderate
1  at_home     other         4               1      moderate
2  at_home     other        10               1          high
3   health  services         2               0           low
4    other     other         4               0      moderate
2026-07-11 17:16:32 | INFO | M02-STUDENTS | ========================
2026-07-11 17:16:32 | INFO | M02-STUDENTS | SUMMARY
2026-07-11 17:16:32 | INFO | M02-STUDENTS | ========================
2026-07-11 17:16:32 | INFO | M02-STUDENTS | Dataset:          student-mat
2026-07-11 17:16:32 | INFO | M02-STUDENTS | Original columns: 33
2026-07-11 17:16:32 | INFO | M02-STUDENTS | Columns removed:  2 ['G1', 'G2']
2026-07-11 17:16:32 | INFO | M02-STUDENTS | Columns added:    2 ['parent_at_home', 'absence_level']
2026-07-11 17:16:32 | INFO | M02-STUDENTS | After features:   33
2026-07-11 17:16:32 | INFO | M02-STUDENTS | Intended target:  G3
2026-07-11 17:16:32 | INFO | M02-STUDENTS | ========================
2026-07-11 17:16:58 | INFO | ML | === RUN START ===
2026-07-11 17:16:58 | INFO | ML | project=ML
2026-07-11 17:16:58 | INFO | ML | repo_dir=ml-02-features
2026-07-11 17:16:58 | INFO | ML | python=3.14.2
2026-07-11 17:16:58 | INFO | ML | os=Windows 11
2026-07-11 17:16:58 | INFO | ML | shell=powershell
2026-07-11 17:16:58 | INFO | ML | cwd=.
2026-07-11 17:16:58 | INFO | ML | github_actions=False
